<?xml version="1.0" encoding="UTF-8"?>
<!-- Generated by org.testng.reporters.JUnitReportReporter -->
<testsuite hostname="DESKTOP-BAUVKJ3" name="seleniumPrograms.ByClassName" tests="1" failures="0" timestamp="3 Aug 2019 11:13:47 GMT" time="35.517" errors="0">
  <testcase name="openBrowser" time="35.517" classname="seleniumPrograms.ByClassName"/>
</testsuite> <!-- seleniumPrograms.ByClassName -->
