<?xml version="1.0" encoding="UTF-8"?>
<!-- Generated by org.testng.reporters.JUnitReportReporter -->
<testsuite hostname="DESKTOP-BAUVKJ3" name="com.browserlaunching.ChromeBrowserLaunching" tests="1" failures="0" timestamp="3 Aug 2019 10:46:53 GMT" time="8.117" errors="0">
  <testcase name="launchBrowser" time="8.117" classname="com.browserlaunching.ChromeBrowserLaunching"/>
</testsuite> <!-- com.browserlaunching.ChromeBrowserLaunching -->
