<?xml version="1.0" encoding="UTF-8"?>
<!-- Generated by org.testng.reporters.JUnitReportReporter -->
<testsuite hostname="DESKTOP-BAUVKJ3" name="seleniumPrograms.ByID" tests="1" failures="0" timestamp="3 Aug 2019 11:02:08 GMT" time="18.255" errors="0">
  <testcase name="byId" time="18.255" classname="seleniumPrograms.ByID"/>
</testsuite> <!-- seleniumPrograms.ByID -->
