<?xml version="1.0" encoding="UTF-8"?>
<!-- Generated by org.testng.reporters.JUnitReportReporter -->
<testsuite hostname="DESKTOP-BAUVKJ3" name="seleniumPrograms.DropDownSelection" tests="1" failures="0" timestamp="3 Aug 2019 11:43:55 GMT" time="9.112" errors="0">
  <testcase name="test" time="9.112" classname="seleniumPrograms.DropDownSelection"/>
</testsuite> <!-- seleniumPrograms.DropDownSelection -->
